◇ injected env (0) from .env // tip: ⌘ override existing { override: true }
◇ injected env (4) from ..\.env // tip: ◈ secrets for agents [www.dotenvx.com]
Environment variables check:
- PORT: 5000
- JWT_SECRET: Defined
- MONGODB_URL: Defined
Connecting to MongoDB: mongodb://umerroot:****@127.0.0.1:27018/smit_final_db?authSource=admin
Server running on port 5000
Connected to MongoDB
GET /health
POST /api/auth/register
POST /api/auth/register
POST /api/auth/register
GET /api/auth/me
PUT /api/users/me
(node:18760) [MONGOOSE] Warning: mongoose: the `new` option for `findOneAndUpdate()` and `findOneAndReplace()` is deprecated. Use `returnDocument: 'after'` instead.
(Use `node --trace-warnings ...` to show where the warning was created)
GET /api/requests
GET /api/auth/me
GET /api/requests
GET /api/auth/me
GET /api/requests
GET /api/auth/me
GET /api/requests?
GET /api/requests?category=Writing
GET /api/requests
GET /api/auth/me
GET /api/requests
GET /api/auth/me
GET /api/requests
GET /api/auth/me
GET /api/requests
GET /api/auth/me
GET /api/requests
GET /api/auth/me
GET /api/requests
GET /api/auth/me
GET /api/auth/me
POST /api/requests
GET /api/requests
GET /api/auth/me
GET /api/requests
